<?xml version="1.0" encoding="UTF-8"?>
<!-- Generated by org.testng.reporters.JUnitXMLReporter -->
<testsuite ignored="2" hostname="LAPTOP-O6K3HA2E" failures="0" tests="6" name="chromeTest" time="26.918" errors="0" timestamp="2022-02-08T20:13:42 IST">
  <testcase classname="BuffalocartCRM.Project.Scripts.TestBase" name="testBase" time="0.012"/>
  <testcase classname="BuffalocartCRM.Project.Scripts.TestBase" name="testBase" time="0.002"/>
  <testcase classname="BuffalocartCRM.Project.Scripts.LoginTest" name="verifyLoginWithInvalidusernameInvalidpassword" time="0.628"/>
  <testcase classname="BuffalocartCRM.Project.Scripts.LoginTest" name="verifyLoginWithValidusernameInvalidpassword" time="2.388"/>
  <testcase classname="BuffalocartCRM.Project.Scripts.LoginTest" name="verifyLoginWithInvalidusernameValidpassword" time="0.47"/>
  <testcase classname="BuffalocartCRM.Project.Scripts.LoginTest" name="verifyLoginWithValidusernameValidpassword" time="9.832"/>
  <testcase classname="BuffalocartCRM.Project.Scripts.TestBase" name="@AfterTest afterTest" time="0.0">
    <ignored/>
  </testcase> <!-- @AfterTest afterTest -->
  <testcase classname="BuffalocartCRM.Project.Scripts.TestBase" name="@BeforeTest beforeTest" time="0.0">
    <ignored/>
  </testcase> <!-- @BeforeTest beforeTest -->
</testsuite> <!-- chromeTest -->
