<?xml version="1.0" encoding="UTF-8"?>
<!-- Generated by org.testng.reporters.JUnitXMLReporter -->
<testsuite ignored="44" hostname="LAPTOP-O6K3HA2E" failures="0" tests="2" name="groupingtest" time="21.53" errors="0" timestamp="2022-02-08T23:38:07 IST">
  <testcase classname="BuffalocartCRM.Project.Scripts.LoginTest" name="verifyLoginWithInvalidusernameInvalidpassword" time="0.594"/>
  <testcase classname="BuffalocartCRM.Project.Scripts.LoginTest" name="verifyLoginWithValidusernameValidpassword" time="6.22"/>
  <testcase classname="BuffalocartCRM.Project.Scripts.TaskTest" name="verifyTask" time="0.0">
    <ignored/>
  </testcase> <!-- verifyTask -->
  <testcase classname="BuffalocartCRM.Project.Scripts.LoginTest" name="verifyLoginWithValidusernameInvalidpassword" time="0.0">
    <ignored/>
  </testcase> <!-- verifyLoginWithValidusernameInvalidpassword -->
  <testcase classname="BuffalocartCRM.Project.Scripts.LoginTest" name="verifyLoginWithInvalidusernameValidpassword" time="0.0">
    <ignored/>
  </testcase> <!-- verifyLoginWithInvalidusernameValidpassword -->
  <testcase classname="BuffalocartCRM.Project.Scripts.NotesTest" name="verifyNotes" time="0.0">
    <ignored/>
  </testcase> <!-- verifyNotes -->
  <testcase classname="BuffalocartCRM.Project.Scripts.ExpenseTest" name="verifyRecurring" time="0.0">
    <ignored/>
  </testcase> <!-- verifyRecurring -->
  <testcase classname="BuffalocartCRM.Project.Scripts.NotesTest" name="verifyManage" time="0.0">
    <ignored/>
  </testcase> <!-- verifyManage -->
  <testcase classname="BuffalocartCRM.Project.Scripts.TaskTest" name="verifyAddMultipleTask" time="0.0">
    <ignored/>
  </testcase> <!-- verifyAddMultipleTask -->
  <testcase classname="BuffalocartCRM.Project.Scripts.RegressionTest" name="verifyLoginWithValidusernameValidpassword" time="0.0">
    <ignored/>
  </testcase> <!-- verifyLoginWithValidusernameValidpassword -->
  <testcase classname="BuffalocartCRM.Project.Scripts.TaskTest" name="verifyKanban" time="0.0">
    <ignored/>
  </testcase> <!-- verifyKanban -->
  <testcase classname="BuffalocartCRM.Project.Scripts.ExpenseTest" name="verifyYearly" time="0.0">
    <ignored/>
  </testcase> <!-- verifyYearly -->
  <testcase classname="BuffalocartCRM.Project.Scripts.ExpenseTest" name="verifyChart" time="0.0">
    <ignored/>
  </testcase> <!-- verifyChart -->
  <testcase classname="BuffalocartCRM.Project.Scripts.ExpenseTest" name="verifycustom" time="0.0">
    <ignored/>
  </testcase> <!-- verifycustom -->
  <testcase classname="BuffalocartCRM.Project.Scripts.SanityTest" name="verifydashboardPage" time="0.0">
    <ignored/>
  </testcase> <!-- verifydashboardPage -->
  <testcase classname="BuffalocartCRM.Project.Scripts.TaskTest" name="verifyGantt" time="0.0">
    <ignored/>
  </testcase> <!-- verifyGantt -->
  <testcase classname="BuffalocartCRM.Project.Scripts.DashboardTest" name="verifyEvents" time="0.0">
    <ignored/>
  </testcase> <!-- verifyEvents -->
  <testcase classname="BuffalocartCRM.Project.Scripts.DashboardTest" name="verifyNewPosts" time="0.0">
    <ignored/>
  </testcase> <!-- verifyNewPosts -->
  <testcase classname="BuffalocartCRM.Project.Scripts.SanityTest" name="verifytest" time="0.0">
    <ignored/>
  </testcase> <!-- verifytest -->
  <testcase classname="BuffalocartCRM.Project.Scripts.RegressionTest" name="verifyLoginWithValidusernameInvalidpassword" time="0.0">
    <ignored/>
  </testcase> <!-- verifyLoginWithValidusernameInvalidpassword -->
  <testcase classname="BuffalocartCRM.Project.Scripts.ExpenseTest" name="verifyExpenses" time="0.0">
    <ignored/>
  </testcase> <!-- verifyExpenses -->
  <testcase classname="BuffalocartCRM.Project.Scripts.NotesTest" name="verifyAdd" time="0.0">
    <ignored/>
  </testcase> <!-- verifyAdd -->
  <testcase classname="BuffalocartCRM.Project.Scripts.EventTest" name="verifyAddEvent" time="0.0">
    <ignored/>
  </testcase> <!-- verifyAddEvent -->
  <testcase classname="BuffalocartCRM.Project.Scripts.DashboardTest" name="verifydashboardPage" time="0.0">
    <ignored/>
  </testcase> <!-- verifydashboardPage -->
  <testcase classname="BuffalocartCRM.Project.Scripts.TestBase" name="@BeforeTest beforeTest" time="0.0">
    <ignored/>
  </testcase> <!-- @BeforeTest beforeTest -->
  <testcase classname="BuffalocartCRM.Project.Scripts.TestBase" name="@BeforeTest beforeTest" time="0.0">
    <ignored/>
  </testcase> <!-- @BeforeTest beforeTest -->
  <testcase classname="BuffalocartCRM.Project.Scripts.TestBase" name="@BeforeTest beforeTest" time="0.0">
    <ignored/>
  </testcase> <!-- @BeforeTest beforeTest -->
  <testcase classname="BuffalocartCRM.Project.Scripts.TestBase" name="@BeforeTest beforeTest" time="0.0">
    <ignored/>
  </testcase> <!-- @BeforeTest beforeTest -->
  <testcase classname="BuffalocartCRM.Project.Scripts.TestBase" name="@BeforeTest beforeTest" time="0.0">
    <ignored/>
  </testcase> <!-- @BeforeTest beforeTest -->
  <testcase classname="BuffalocartCRM.Project.Scripts.TestBase" name="@BeforeTest beforeTest" time="0.0">
    <ignored/>
  </testcase> <!-- @BeforeTest beforeTest -->
  <testcase classname="BuffalocartCRM.Project.Scripts.TestBase" name="@BeforeTest beforeTest" time="0.0">
    <ignored/>
  </testcase> <!-- @BeforeTest beforeTest -->
  <testcase classname="BuffalocartCRM.Project.Scripts.TestBase" name="@BeforeTest beforeTest" time="0.0">
    <ignored/>
  </testcase> <!-- @BeforeTest beforeTest -->
  <testcase classname="BuffalocartCRM.Project.Scripts.DashboardTest" name="verifytest" time="0.0">
    <ignored/>
  </testcase> <!-- verifytest -->
  <testcase classname="BuffalocartCRM.Project.Scripts.EventTest" name="verifyManage" time="0.0">
    <ignored/>
  </testcase> <!-- verifyManage -->
  <testcase classname="BuffalocartCRM.Project.Scripts.TestBase" name="testBase" time="0.0">
    <ignored/>
  </testcase> <!-- testBase -->
  <testcase classname="BuffalocartCRM.Project.Scripts.TestBase" name="testBase" time="0.0">
    <ignored/>
  </testcase> <!-- testBase -->
  <testcase classname="BuffalocartCRM.Project.Scripts.TestBase" name="testBase" time="0.0">
    <ignored/>
  </testcase> <!-- testBase -->
  <testcase classname="BuffalocartCRM.Project.Scripts.TestBase" name="testBase" time="0.0">
    <ignored/>
  </testcase> <!-- testBase -->
  <testcase classname="BuffalocartCRM.Project.Scripts.TestBase" name="testBase" time="0.0">
    <ignored/>
  </testcase> <!-- testBase -->
  <testcase classname="BuffalocartCRM.Project.Scripts.TestBase" name="testBase" time="0.0">
    <ignored/>
  </testcase> <!-- testBase -->
  <testcase classname="BuffalocartCRM.Project.Scripts.TestBase" name="testBase" time="0.0">
    <ignored/>
  </testcase> <!-- testBase -->
  <testcase classname="BuffalocartCRM.Project.Scripts.ExpenseTest" name="verifyMonthly" time="0.0">
    <ignored/>
  </testcase> <!-- verifyMonthly -->
  <testcase classname="BuffalocartCRM.Project.Scripts.TestBase" name="testBase" time="0.0">
    <ignored/>
  </testcase> <!-- testBase -->
  <testcase classname="BuffalocartCRM.Project.Scripts.TestBase" name="testBase" time="0.0">
    <ignored/>
  </testcase> <!-- testBase -->
  <testcase classname="BuffalocartCRM.Project.Scripts.EventTest" name="verifyEvents" time="0.0">
    <ignored/>
  </testcase> <!-- verifyEvents -->
  <testcase classname="BuffalocartCRM.Project.Scripts.ExpenseTest" name="verifySummary" time="0.0">
    <ignored/>
  </testcase> <!-- verifySummary -->
</testsuite> <!-- groupingtest -->
